Using pre-set license
Built from '2020.3/staging' branch; Version is '2020.3.28f1 (f5400f52e03f) revision 16072719'; Using compiler version '192528614'; Build Type 'Release'
OS: 'Windows 11  (10.0.22000) 64bit Core' Language: 'en' Physical Memory: 15724 MB
BatchMode: 1, IsHumanControllingUs: 0, StartBugReporterOnCrash: 0, Is64bit: 1, IsPro: 0

COMMAND LINE ARGUMENTS:
C:\Program Files\Unity\Hub\Editor\2020.3.28f1\Editor\Unity.exe
-adb2
-batchMode
-noUpm
-name
AssetImportWorker0
-projectPath
D:/unity syns/ClawCrane/ClawCraneGame
-logFile
Logs/AssetImportWorker0.log
-srvPort
54936
Successfully changed project path to: D:/unity syns/ClawCrane/ClawCraneGame
D:/unity syns/ClawCrane/ClawCraneGame
Using Asset Import Pipeline V2.
Refreshing native plugins compatible for Editor in 36.72 ms, found 3 plugins.
Preloading 0 native plugins for Editor in 0.00 ms.
Initialize engine version: 2020.3.28f1 (f5400f52e03f)
[Subsystems] Discovering subsystems at path C:/Program Files/Unity/Hub/Editor/2020.3.28f1/Editor/Data/Resources/UnitySubsystems
[Subsystems] Discovering subsystems at path D:/unity syns/ClawCrane/ClawCraneGame/Assets
GfxDevice: creating device client; threaded=0
Direct3D:
    Version:  Direct3D 11.0 [level 11.1]
    Renderer: NVIDIA GeForce RTX 3060 Laptop GPU (ID=0x2520)
    Vendor:   
    VRAM:     6023 MB
    Driver:   30.0.15.1181
Initialize mono
Mono path[0] = 'C:/Program Files/Unity/Hub/Editor/2020.3.28f1/Editor/Data/Managed'
Mono path[1] = 'C:/Program Files/Unity/Hub/Editor/2020.3.28f1/Editor/Data/MonoBleedingEdge/lib/mono/unityjit'
Mono config path = 'C:/Program Files/Unity/Hub/Editor/2020.3.28f1/Editor/Data/MonoBleedingEdge/etc'
Using monoOptions --debugger-agent=transport=dt_socket,embedding=1,server=y,suspend=n,address=127.0.0.1:56556
Begin MonoManager ReloadAssembly
Registering precompiled unity dll's ...
Register platform support module: C:/Program Files/Unity/Hub/Editor/2020.3.28f1/Editor/Data/PlaybackEngines/WindowsStandaloneSupport/UnityEditor.WindowsStandalone.Extensions.dll
Registered in 0.001086 seconds.
Native extension for WindowsStandalone target not found
Refreshing native plugins compatible for Editor in 36.41 ms, found 3 plugins.
Preloading 0 native plugins for Editor in 0.00 ms.
Mono: successfully reloaded assembly
- Completed reload, in  0.436 seconds
Domain Reload Profiling:
	ReloadAssembly (436ms)
		BeginReloadAssembly (46ms)
			ExecutionOrderSort (0ms)
			DisableScriptedObjects (0ms)
			BackupInstance (0ms)
			ReleaseScriptingObjects (0ms)
			CreateAndSetChildDomain (1ms)
		EndReloadAssembly (339ms)
			LoadAssemblies (44ms)
			RebuildTransferFunctionScriptingTraits (0ms)
			SetupTypeCache (105ms)
			ReleaseScriptCaches (0ms)
			RebuildScriptCaches (20ms)
			SetupLoadedEditorAssemblies (137ms)
				LogAssemblyErrors (0ms)
				InitializePlatformSupportModulesInManaged (3ms)
				SetLoadedEditorAssemblies (0ms)
				RefreshPlugins (36ms)
				BeforeProcessingInitializeOnLoad (14ms)
				ProcessInitializeOnLoadAttributes (62ms)
				ProcessInitializeOnLoadMethodAttributes (21ms)
				AfterProcessingInitializeOnLoad (0ms)
				EditorAssembliesLoaded (0ms)
			ExecutionOrderSort2 (0ms)
			AwakeInstancesAfterBackupRestoration (0ms)
Platform modules already initialized, skipping
Registering precompiled user dll's ...
Registered in 0.002010 seconds.
Begin MonoManager ReloadAssembly
Native extension for WindowsStandalone target not found
Refreshing native plugins compatible for Editor in 36.16 ms, found 3 plugins.
Preloading 0 native plugins for Editor in 0.00 ms.
Mono: successfully reloaded assembly
- Completed reload, in  0.819 seconds
Domain Reload Profiling:
	ReloadAssembly (820ms)
		BeginReloadAssembly (107ms)
			ExecutionOrderSort (0ms)
			DisableScriptedObjects (5ms)
			BackupInstance (0ms)
			ReleaseScriptingObjects (0ms)
			CreateAndSetChildDomain (17ms)
		EndReloadAssembly (670ms)
			LoadAssemblies (76ms)
			RebuildTransferFunctionScriptingTraits (0ms)
			SetupTypeCache (212ms)
			ReleaseScriptCaches (0ms)
			RebuildScriptCaches (32ms)
			SetupLoadedEditorAssemblies (268ms)
				LogAssemblyErrors (0ms)
				InitializePlatformSupportModulesInManaged (3ms)
				SetLoadedEditorAssemblies (0ms)
				RefreshPlugins (36ms)
				BeforeProcessingInitializeOnLoad (61ms)
				ProcessInitializeOnLoadAttributes (150ms)
				ProcessInitializeOnLoadMethodAttributes (13ms)
				AfterProcessingInitializeOnLoad (4ms)
				EditorAssembliesLoaded (0ms)
			ExecutionOrderSort2 (0ms)
			AwakeInstancesAfterBackupRestoration (5ms)
Platform modules already initialized, skipping
========================================================================
Worker process is ready to serve import requests
Launched and connected shader compiler UnityShaderCompiler.exe after 0.05 seconds
Refreshing native plugins compatible for Editor in 0.50 ms, found 3 plugins.
Preloading 0 native plugins for Editor in 0.00 ms.
Unloading 2201 Unused Serialized files (Serialized files now loaded: 0)
System memory in use before: 96.2 MB.
System memory in use after: 96.2 MB.

Unloading 30 unused Assets to reduce memory usage. Loaded Objects now: 2634.
Total: 3.676700 ms (FindLiveObjects: 0.203800 ms CreateObjectMapping: 0.057600 ms MarkObjects: 3.315900 ms  DeleteObjects: 0.098400 ms)

AssetImportParameters requested are different than current active one (requested -> active):
  custom:framework-win-MediaFoundation: 216162199b28c13a410421893ffa2e32 -> 
  custom:video-decoder-ogg-theora: a1e56fd34408186e4bbccfd4996cb3dc -> 
  custom:container-muxer-webm: aa71ff27fc2769a1b78a27578f13a17b -> 
  custom:container-demuxer-webm: 4f35f7cbe854078d1ac9338744f61a02 -> 
  custom:container-demuxer-ogg: 62fdf1f143b41e24485cea50d1cbac27 -> 
  custom:video-encoder-webm-vp8: eb34c28f22e8b96e1ab97ce403110664 -> 
  custom:video-codec-MediaFoundation-h265: 746d11721c4dcdbdad8f713fa42b33f4 -> 
  custom:video-decoder-webm-vp8: 9c59270c3fd7afecdb556c50c9e8de78 -> 
  custom:audio-decoder-ogg-vorbis: bf7c407c2cedff20999df2af8eb42d56 -> 
  custom:audio-encoder-webm-vorbis: bf7c407c2cedff20999df2af8eb42d56 -> 
========================================================================
Received Import Request.
  path: Assets/Resources/Top5.prefab
  artifactKey: Guid(c3308816abade134285c779649bd1c79) Importer(815301076,1909f56bfc062723c751e8b465ee728b)
Start importing Assets/Resources/Top5.prefab using Guid(c3308816abade134285c779649bd1c79) Importer(815301076,1909f56bfc062723c751e8b465ee728b)  -> (artifact id: '0bce7150d084874424b9e3e384673101') in 0.080864 seconds 
  Import took 0.084049 seconds .

========================================================================
Received Import Request.
  Time since last request: 10.323633 seconds.
  path: Assets/Artwork/Stuffs/Bottom/dirtyPants.png
  artifactKey: Guid(756dd3b30638e9e4d9996d52c3addfa9) Importer(815301076,1909f56bfc062723c751e8b465ee728b)
Start importing Assets/Artwork/Stuffs/Bottom/dirtyPants.png using Guid(756dd3b30638e9e4d9996d52c3addfa9) Importer(815301076,1909f56bfc062723c751e8b465ee728b)  -> (artifact id: '276bb50ab093ae69dd57f758248f57ed') in 0.054039 seconds 
  Import took 0.057177 seconds .

========================================================================
Received Import Request.
  Time since last request: 0.000145 seconds.
  path: Assets/Artwork/Stuffs/Bottom/skirt.png
  artifactKey: Guid(29b05aa91f457c145a7016e988f5eff5) Importer(815301076,1909f56bfc062723c751e8b465ee728b)
Start importing Assets/Artwork/Stuffs/Bottom/skirt.png using Guid(29b05aa91f457c145a7016e988f5eff5) Importer(815301076,1909f56bfc062723c751e8b465ee728b)  -> (artifact id: '660d11ffbbab0ef557c4b0118c82d965') in 0.011298 seconds 
  Import took 0.014240 seconds .

========================================================================
Received Import Request.
  Time since last request: 0.000147 seconds.
  path: Assets/Artwork/Stuffs/Bottom/furryBottom.png
  artifactKey: Guid(e476c4702abd0a74f904f11180f5d919) Importer(815301076,1909f56bfc062723c751e8b465ee728b)
Start importing Assets/Artwork/Stuffs/Bottom/furryBottom.png using Guid(e476c4702abd0a74f904f11180f5d919) Importer(815301076,1909f56bfc062723c751e8b465ee728b)  -> (artifact id: 'ac60196e71a06f32c9cca5bbe241b7cd') in 0.013099 seconds 
  Import took 0.016618 seconds .

========================================================================
Received Import Request.
  Time since last request: 0.000242 seconds.
  path: Assets/Artwork/Stuffs/Bottom/jean.png
  artifactKey: Guid(45e44b3864286964c9113f85cd5f5a5e) Importer(815301076,1909f56bfc062723c751e8b465ee728b)
Start importing Assets/Artwork/Stuffs/Bottom/jean.png using Guid(45e44b3864286964c9113f85cd5f5a5e) Importer(815301076,1909f56bfc062723c751e8b465ee728b)  -> (artifact id: '5d2d63f5f499b40df950efd9b8543b91') in 0.011883 seconds 
  Import took 0.015967 seconds .

========================================================================
Received Import Request.
  Time since last request: 0.000148 seconds.
  path: Assets/Artwork/Stuffs/Bottom/duckPants.png
  artifactKey: Guid(7df15ead5ef04bf49a47713790285654) Importer(815301076,1909f56bfc062723c751e8b465ee728b)
Start importing Assets/Artwork/Stuffs/Bottom/duckPants.png using Guid(7df15ead5ef04bf49a47713790285654) Importer(815301076,1909f56bfc062723c751e8b465ee728b)  -> (artifact id: '4e31c64955e438a5c4bff1e00cc77332') in 0.009776 seconds 
  Import took 0.012707 seconds .

========================================================================
Received Import Request.
  Time since last request: 0.000167 seconds.
  path: Assets/Artwork/Stuffs/Bottom/suitPants.png
  artifactKey: Guid(0bbb64fdc0a024f4d82b7bc6afd89335) Importer(815301076,1909f56bfc062723c751e8b465ee728b)
Start importing Assets/Artwork/Stuffs/Bottom/suitPants.png using Guid(0bbb64fdc0a024f4d82b7bc6afd89335) Importer(815301076,1909f56bfc062723c751e8b465ee728b)  -> (artifact id: '4809769c7da6017fd364f7abb64ba054') in 0.013698 seconds 
  Import took 0.016930 seconds .

========================================================================
Received Import Request.
  Time since last request: 5.169270 seconds.
  path: Assets/Resources/Bottom0.prefab
  artifactKey: Guid(89828247efce8674ba8eaa04b9183397) Importer(815301076,1909f56bfc062723c751e8b465ee728b)
Start importing Assets/Resources/Bottom0.prefab using Guid(89828247efce8674ba8eaa04b9183397) Importer(815301076,1909f56bfc062723c751e8b465ee728b)  -> (artifact id: 'a45a4a849a2cde972ee493b479368265') in 0.018971 seconds 
  Import took 0.022412 seconds .

========================================================================
Received Import Request.
  Time since last request: 17.154622 seconds.
  path: Assets/Resources/Bottom0.prefab
  artifactKey: Guid(89828247efce8674ba8eaa04b9183397) Importer(815301076,1909f56bfc062723c751e8b465ee728b)
Start importing Assets/Resources/Bottom0.prefab using Guid(89828247efce8674ba8eaa04b9183397) Importer(815301076,1909f56bfc062723c751e8b465ee728b)  -> (artifact id: 'eb54728b9bfa301ad215835b423858e8') in 0.009517 seconds 
  Import took 0.013231 seconds .

========================================================================
Received Import Request.
  Time since last request: 8.444232 seconds.
  path: Assets/Resources/Bottom0.prefab
  artifactKey: Guid(89828247efce8674ba8eaa04b9183397) Importer(815301076,1909f56bfc062723c751e8b465ee728b)
Start importing Assets/Resources/Bottom0.prefab using Guid(89828247efce8674ba8eaa04b9183397) Importer(815301076,1909f56bfc062723c751e8b465ee728b)  -> (artifact id: '1bd759e67222755a91b014422b85d422') in 0.007622 seconds 
  Import took 0.010941 seconds .

========================================================================
Received Import Request.
  Time since last request: 13.499777 seconds.
  path: Assets/Resources/Bottom0.prefab
  artifactKey: Guid(89828247efce8674ba8eaa04b9183397) Importer(815301076,1909f56bfc062723c751e8b465ee728b)
Start importing Assets/Resources/Bottom0.prefab using Guid(89828247efce8674ba8eaa04b9183397) Importer(815301076,1909f56bfc062723c751e8b465ee728b)  -> (artifact id: '42d9cf8ca63e01f1c33d2644695d468b') in 0.007734 seconds 
  Import took 0.010983 seconds .

========================================================================
Received Import Request.
  Time since last request: 2.815496 seconds.
  path: Assets/Resources/Bottom0.prefab
  artifactKey: Guid(89828247efce8674ba8eaa04b9183397) Importer(815301076,1909f56bfc062723c751e8b465ee728b)
Start importing Assets/Resources/Bottom0.prefab using Guid(89828247efce8674ba8eaa04b9183397) Importer(815301076,1909f56bfc062723c751e8b465ee728b)  -> (artifact id: '3ce110d42bab459ac5333cd0b23b873a') in 0.009927 seconds 
  Import took 0.013422 seconds .

========================================================================
Received Import Request.
  Time since last request: 5.434253 seconds.
  path: Assets/Resources/Bottom0.prefab
  artifactKey: Guid(89828247efce8674ba8eaa04b9183397) Importer(815301076,1909f56bfc062723c751e8b465ee728b)
Start importing Assets/Resources/Bottom0.prefab using Guid(89828247efce8674ba8eaa04b9183397) Importer(815301076,1909f56bfc062723c751e8b465ee728b)  -> (artifact id: '1cddd7cd8964a5900c4d3b4ca2392ba2') in 0.007638 seconds 
  Import took 0.011019 seconds .

========================================================================
Received Import Request.
  Time since last request: 26.759014 seconds.
  path: Assets/Resources/Bottom1.prefab
  artifactKey: Guid(22281ddccc575c94ab207205ceadc523) Importer(815301076,1909f56bfc062723c751e8b465ee728b)
Start importing Assets/Resources/Bottom1.prefab using Guid(22281ddccc575c94ab207205ceadc523) Importer(815301076,1909f56bfc062723c751e8b465ee728b)  -> (artifact id: 'e6d6c47ef2343b374a50e64e2e190586') in 0.011211 seconds 
  Import took 0.014867 seconds .

========================================================================
Received Import Request.
  Time since last request: 0.215073 seconds.
  path: Assets/Resources/Bottom1.prefab
  artifactKey: Guid(22281ddccc575c94ab207205ceadc523) Importer(815301076,1909f56bfc062723c751e8b465ee728b)
Start importing Assets/Resources/Bottom1.prefab using Guid(22281ddccc575c94ab207205ceadc523) Importer(815301076,1909f56bfc062723c751e8b465ee728b)  -> (artifact id: '7ea3adc3f4c4415a35cf86d467ac397b') in 0.012788 seconds 
  Import took 0.016506 seconds .

========================================================================
Received Import Request.
  Time since last request: 53.744797 seconds.
  path: Assets/Artwork/Stuffs/Bottom/Bottom.png
  artifactKey: Guid(dacbd7adaf1c04f439f8c46e9e594553) Importer(815301076,1909f56bfc062723c751e8b465ee728b)
Start importing Assets/Artwork/Stuffs/Bottom/Bottom.png using Guid(dacbd7adaf1c04f439f8c46e9e594553) Importer(815301076,1909f56bfc062723c751e8b465ee728b)  -> (artifact id: 'b0408fc6b63f3b4421a3d9a0c98340ee') in 0.030655 seconds 
  Import took 0.034114 seconds .

========================================================================
Received Import Request.
  Time since last request: 175.319373 seconds.
  path: Assets/Resources/Bottom2.prefab
  artifactKey: Guid(6f6a3806de0757b48a4fb574e5ef3b0c) Importer(815301076,1909f56bfc062723c751e8b465ee728b)
Start importing Assets/Resources/Bottom2.prefab using Guid(6f6a3806de0757b48a4fb574e5ef3b0c) Importer(815301076,1909f56bfc062723c751e8b465ee728b)  -> (artifact id: 'b5b9d9071af352e1a5af379e354a47c8') in 0.012344 seconds 
  Import took 0.015696 seconds .

========================================================================
Received Import Request.
  Time since last request: 0.113389 seconds.
  path: Assets/Resources/Bottom2.prefab
  artifactKey: Guid(6f6a3806de0757b48a4fb574e5ef3b0c) Importer(815301076,1909f56bfc062723c751e8b465ee728b)
Start importing Assets/Resources/Bottom2.prefab using Guid(6f6a3806de0757b48a4fb574e5ef3b0c) Importer(815301076,1909f56bfc062723c751e8b465ee728b)  -> (artifact id: 'f6e71c29c8df80d9ceefb9002c538364') in 0.009906 seconds 
  Import took 0.013389 seconds .

========================================================================
Received Import Request.
  Time since last request: 27.600871 seconds.
  path: Assets/Resources/Bottom3.prefab
  artifactKey: Guid(f67281c898b36cd4a8fcbba5abe08867) Importer(815301076,1909f56bfc062723c751e8b465ee728b)
Start importing Assets/Resources/Bottom3.prefab using Guid(f67281c898b36cd4a8fcbba5abe08867) Importer(815301076,1909f56bfc062723c751e8b465ee728b)  -> (artifact id: 'c3a2a515d92fedb0baa1a1a2e943263d') in 0.010486 seconds 
  Import took 0.013783 seconds .

========================================================================
Received Import Request.
  Time since last request: 5.275578 seconds.
  path: Assets/Resources/Bottom0.prefab
  artifactKey: Guid(89828247efce8674ba8eaa04b9183397) Importer(815301076,1909f56bfc062723c751e8b465ee728b)
Start importing Assets/Resources/Bottom0.prefab using Guid(89828247efce8674ba8eaa04b9183397) Importer(815301076,1909f56bfc062723c751e8b465ee728b)  -> (artifact id: '2bdbad5ae0d4183c5300241cb2635c51') in 0.011217 seconds 
  Import took 0.014423 seconds .

========================================================================
Received Import Request.
  Time since last request: 49.098295 seconds.
  path: Assets/Resources/Bottom4.prefab
  artifactKey: Guid(9ed6ff2abb7d5ae429054c31e16ea41e) Importer(815301076,1909f56bfc062723c751e8b465ee728b)
Start importing Assets/Resources/Bottom4.prefab using Guid(9ed6ff2abb7d5ae429054c31e16ea41e) Importer(815301076,1909f56bfc062723c751e8b465ee728b)  -> (artifact id: '5b45647b996e2d243d01fbda85e84ff8') in 0.010801 seconds 
  Import took 0.014195 seconds .

========================================================================
Received Prepare
Registering precompiled user dll's ...
Registered in 0.002104 seconds.
Begin MonoManager ReloadAssembly
Native extension for WindowsStandalone target not found
Refreshing native plugins compatible for Editor in 0.55 ms, found 3 plugins.
Preloading 0 native plugins for Editor in 0.00 ms.
Mono: successfully reloaded assembly
- Completed reload, in  0.984 seconds
Domain Reload Profiling:
	ReloadAssembly (985ms)
		BeginReloadAssembly (107ms)
			ExecutionOrderSort (0ms)
			DisableScriptedObjects (5ms)
			BackupInstance (0ms)
			ReleaseScriptingObjects (0ms)
			CreateAndSetChildDomain (35ms)
		EndReloadAssembly (817ms)
			LoadAssemblies (87ms)
			RebuildTransferFunctionScriptingTraits (0ms)
			SetupTypeCache (282ms)
			ReleaseScriptCaches (1ms)
			RebuildScriptCaches (40ms)
			SetupLoadedEditorAssemblies (315ms)
				LogAssemblyErrors (0ms)
				InitializePlatformSupportModulesInManaged (5ms)
				SetLoadedEditorAssemblies (1ms)
				RefreshPlugins (1ms)
				BeforeProcessingInitializeOnLoad (85ms)
				ProcessInitializeOnLoadAttributes (207ms)
				ProcessInitializeOnLoadMethodAttributes (12ms)
				AfterProcessingInitializeOnLoad (4ms)
				EditorAssembliesLoaded (0ms)
			ExecutionOrderSort2 (0ms)
			AwakeInstancesAfterBackupRestoration (9ms)
Platform modules already initialized, skipping
Refreshing native plugins compatible for Editor in 0.56 ms, found 3 plugins.
Preloading 0 native plugins for Editor in 0.00 ms.
Unloading 2192 Unused Serialized files (Serialized files now loaded: 0)
System memory in use before: 98.8 MB.
System memory in use after: 98.9 MB.

Unloading 19 unused Assets to reduce memory usage. Loaded Objects now: 2648.
Total: 4.421300 ms (FindLiveObjects: 0.211300 ms CreateObjectMapping: 0.071600 ms MarkObjects: 3.995800 ms  DeleteObjects: 0.141100 ms)

AssetImportParameters requested are different than current active one (requested -> active):
  custom:framework-win-MediaFoundation: 216162199b28c13a410421893ffa2e32 -> 
  custom:video-decoder-ogg-theora: a1e56fd34408186e4bbccfd4996cb3dc -> 
  custom:container-muxer-webm: aa71ff27fc2769a1b78a27578f13a17b -> 
  custom:container-demuxer-webm: 4f35f7cbe854078d1ac9338744f61a02 -> 
  custom:container-demuxer-ogg: 62fdf1f143b41e24485cea50d1cbac27 -> 
  custom:video-encoder-webm-vp8: eb34c28f22e8b96e1ab97ce403110664 -> 
  custom:video-codec-MediaFoundation-h265: 746d11721c4dcdbdad8f713fa42b33f4 -> 
  custom:video-decoder-webm-vp8: 9c59270c3fd7afecdb556c50c9e8de78 -> 
  custom:audio-decoder-ogg-vorbis: bf7c407c2cedff20999df2af8eb42d56 -> 
  custom:audio-encoder-webm-vorbis: bf7c407c2cedff20999df2af8eb42d56 -> 
========================================================================
Received Import Request.
  Time since last request: 31.801849 seconds.
  path: Assets/Resources/Bottom5.prefab
  artifactKey: Guid(5dfda85f2c825664990892322c2a662a) Importer(815301076,1909f56bfc062723c751e8b465ee728b)
Start importing Assets/Resources/Bottom5.prefab using Guid(5dfda85f2c825664990892322c2a662a) Importer(815301076,1909f56bfc062723c751e8b465ee728b)  -> (artifact id: 'ecba23f9473cdf6380f5190809bee4e6') in 0.042472 seconds 
  Import took 0.046001 seconds .

========================================================================
Received Prepare
Registering precompiled user dll's ...
Registered in 0.002021 seconds.
Begin MonoManager ReloadAssembly
Native extension for WindowsStandalone target not found
Refreshing native plugins compatible for Editor in 0.51 ms, found 3 plugins.
Preloading 0 native plugins for Editor in 0.00 ms.
Mono: successfully reloaded assembly
- Completed reload, in  0.779 seconds
Domain Reload Profiling:
	ReloadAssembly (779ms)
		BeginReloadAssembly (90ms)
			ExecutionOrderSort (0ms)
			DisableScriptedObjects (5ms)
			BackupInstance (0ms)
			ReleaseScriptingObjects (0ms)
			CreateAndSetChildDomain (31ms)
		EndReloadAssembly (645ms)
			LoadAssemblies (67ms)
			RebuildTransferFunctionScriptingTraits (0ms)
			SetupTypeCache (199ms)
			ReleaseScriptCaches (1ms)
			RebuildScriptCaches (30ms)
			SetupLoadedEditorAssemblies (277ms)
				LogAssemblyErrors (0ms)
				InitializePlatformSupportModulesInManaged (3ms)
				SetLoadedEditorAssemblies (0ms)
				RefreshPlugins (1ms)
				BeforeProcessingInitializeOnLoad (68ms)
				ProcessInitializeOnLoadAttributes (187ms)
				ProcessInitializeOnLoadMethodAttributes (12ms)
				AfterProcessingInitializeOnLoad (5ms)
				EditorAssembliesLoaded (0ms)
			ExecutionOrderSort2 (0ms)
			AwakeInstancesAfterBackupRestoration (9ms)
Platform modules already initialized, skipping
Refreshing native plugins compatible for Editor in 0.54 ms, found 3 plugins.
Preloading 0 native plugins for Editor in 0.00 ms.
Unloading 2192 Unused Serialized files (Serialized files now loaded: 0)
System memory in use before: 98.9 MB.
System memory in use after: 99.0 MB.

Unloading 19 unused Assets to reduce memory usage. Loaded Objects now: 2651.
Total: 3.402100 ms (FindLiveObjects: 0.288200 ms CreateObjectMapping: 0.051200 ms MarkObjects: 2.995200 ms  DeleteObjects: 0.065900 ms)

AssetImportParameters requested are different than current active one (requested -> active):
  custom:framework-win-MediaFoundation: 216162199b28c13a410421893ffa2e32 -> 
  custom:video-decoder-ogg-theora: a1e56fd34408186e4bbccfd4996cb3dc -> 
  custom:container-muxer-webm: aa71ff27fc2769a1b78a27578f13a17b -> 
  custom:container-demuxer-webm: 4f35f7cbe854078d1ac9338744f61a02 -> 
  custom:container-demuxer-ogg: 62fdf1f143b41e24485cea50d1cbac27 -> 
  custom:video-encoder-webm-vp8: eb34c28f22e8b96e1ab97ce403110664 -> 
  custom:video-codec-MediaFoundation-h265: 746d11721c4dcdbdad8f713fa42b33f4 -> 
  custom:video-decoder-webm-vp8: 9c59270c3fd7afecdb556c50c9e8de78 -> 
  custom:audio-decoder-ogg-vorbis: bf7c407c2cedff20999df2af8eb42d56 -> 
  custom:audio-encoder-webm-vorbis: bf7c407c2cedff20999df2af8eb42d56 -> 
========================================================================
Received Prepare
Registering precompiled user dll's ...
Registered in 0.002202 seconds.
Begin MonoManager ReloadAssembly
Native extension for WindowsStandalone target not found
Refreshing native plugins compatible for Editor in 0.62 ms, found 3 plugins.
Preloading 0 native plugins for Editor in 0.00 ms.
Mono: successfully reloaded assembly
- Completed reload, in  0.768 seconds
Domain Reload Profiling:
	ReloadAssembly (769ms)
		BeginReloadAssembly (96ms)
			ExecutionOrderSort (0ms)
			DisableScriptedObjects (5ms)
			BackupInstance (0ms)
			ReleaseScriptingObjects (0ms)
			CreateAndSetChildDomain (34ms)
		EndReloadAssembly (627ms)
			LoadAssemblies (72ms)
			RebuildTransferFunctionScriptingTraits (0ms)
			SetupTypeCache (216ms)
			ReleaseScriptCaches (1ms)
			RebuildScriptCaches (30ms)
			SetupLoadedEditorAssemblies (241ms)
				LogAssemblyErrors (0ms)
				InitializePlatformSupportModulesInManaged (4ms)
				SetLoadedEditorAssemblies (0ms)
				RefreshPlugins (1ms)
				BeforeProcessingInitializeOnLoad (65ms)
				ProcessInitializeOnLoadAttributes (157ms)
				ProcessInitializeOnLoadMethodAttributes (9ms)
				AfterProcessingInitializeOnLoad (4ms)
				EditorAssembliesLoaded (0ms)
			ExecutionOrderSort2 (0ms)
			AwakeInstancesAfterBackupRestoration (7ms)
Platform modules already initialized, skipping
Refreshing native plugins compatible for Editor in 0.65 ms, found 3 plugins.
Preloading 0 native plugins for Editor in 0.00 ms.
Unloading 2192 Unused Serialized files (Serialized files now loaded: 0)
System memory in use before: 98.9 MB.
System memory in use after: 99.0 MB.

Unloading 19 unused Assets to reduce memory usage. Loaded Objects now: 2653.
Total: 3.034100 ms (FindLiveObjects: 0.199200 ms CreateObjectMapping: 0.095300 ms MarkObjects: 2.672300 ms  DeleteObjects: 0.066300 ms)

AssetImportParameters requested are different than current active one (requested -> active):
  custom:framework-win-MediaFoundation: 216162199b28c13a410421893ffa2e32 -> 
  custom:video-decoder-ogg-theora: a1e56fd34408186e4bbccfd4996cb3dc -> 
  custom:container-muxer-webm: aa71ff27fc2769a1b78a27578f13a17b -> 
  custom:container-demuxer-webm: 4f35f7cbe854078d1ac9338744f61a02 -> 
  custom:container-demuxer-ogg: 62fdf1f143b41e24485cea50d1cbac27 -> 
  custom:video-encoder-webm-vp8: eb34c28f22e8b96e1ab97ce403110664 -> 
  custom:video-codec-MediaFoundation-h265: 746d11721c4dcdbdad8f713fa42b33f4 -> 
  custom:video-decoder-webm-vp8: 9c59270c3fd7afecdb556c50c9e8de78 -> 
  custom:audio-decoder-ogg-vorbis: bf7c407c2cedff20999df2af8eb42d56 -> 
  custom:audio-encoder-webm-vorbis: bf7c407c2cedff20999df2af8eb42d56 -> 
AssetImportWorkerClient::OnTransportError - code=2 error=End of file
